<?xml version="1.0" encoding="UTF-8"?>
<!-- Generated by org.testng.reporters.JUnitReportReporter -->
<testsuite hostname="LAPTOP-5R43AL2Q" failures="0" tests="1" name="driverFactory.AppTest" time="540.289" errors="0" timestamp="2024-10-30T15:04:39 IST" skipped="0">
  <testcase classname="driverFactory.AppTest" name="kickStart" time="540.289">
    <system-out>
      <![CDATA[Stock-000003365       Stock-000003365
Supplier-00000006881     Supplier-00000006881
Customer-00000012455     Customer-00000012455]]>
    </system-out>
  </testcase> <!-- kickStart -->
  <system-out>
    <![CDATA[Stock-000003365       Stock-000003365
Supplier-00000006881     Supplier-00000006881
Customer-00000012455     Customer-00000012455]]>
  </system-out>
</testsuite> <!-- driverFactory.AppTest -->
