<?xml version="1.0" encoding="UTF-8"?>
<!-- Generated by org.testng.reporters.JUnitReportReporter -->
<testsuite hostname="LAPTOP-5R43AL2Q" failures="0" tests="1" name="driverFactory.AppTest" time="8.599" errors="0" timestamp="2024-10-25T12:59:01 IST" skipped="0">
  <testcase classname="driverFactory.AppTest" name="kickStart" time="8.599"/>
</testsuite> <!-- driverFactory.AppTest -->
