<?xml version="1.0" encoding="UTF-8"?>
<!-- Generated by org.testng.reporters.JUnitReportReporter -->
<testsuite hostname="LAPTOP-5R43AL2Q" failures="0" tests="1" name="driverFactory.AppTest" time="159.884" errors="0" timestamp="2024-10-28T16:44:28 IST" skipped="0">
  <testcase classname="driverFactory.AppTest" name="kickStart" time="159.884">
    <system-out>
      <![CDATA[Stock-000003355       Stock-000003355]]>
    </system-out>
  </testcase> <!-- kickStart -->
  <system-out>
    <![CDATA[Stock-000003355       Stock-000003355]]>
  </system-out>
</testsuite> <!-- driverFactory.AppTest -->
